[debug] [2023-03-15T19:28:50.832Z] ----------------------------------------------------------------------
[debug] [2023-03-15T19:28:50.834Z] Command:       C:\Program Files\nodejs\node.exe C:\Users\LEGION\AppData\Roaming\npm\node_modules\firebase-tools\lib\bin\firebase.js init
[debug] [2023-03-15T19:28:50.835Z] CLI Version:   11.24.1
[debug] [2023-03-15T19:28:50.835Z] Platform:      win32
[debug] [2023-03-15T19:28:50.835Z] Node Version:  v16.14.0
[debug] [2023-03-15T19:28:50.835Z] Time:          Wed Mar 15 2023 16:28:50 GMT-0300 (hora de verano de Chile)
[debug] [2023-03-15T19:28:50.836Z] ----------------------------------------------------------------------
[debug] 
[debug] [2023-03-15T19:28:50.841Z] > command requires scopes: ["email","openid","https://www.googleapis.com/auth/cloudplatformprojects.readonly","https://www.googleapis.com/auth/firebase","https://www.googleapis.com/auth/cloud-platform"]
[debug] [2023-03-15T19:28:50.842Z] > authorizing via signed-in user (josemariavictorg@gmail.com)
[info] 
     ######## #### ########  ######## ########     ###     ######  ########
     ##        ##  ##     ## ##       ##     ##  ##   ##  ##       ##
     ######    ##  ########  ######   ########  #########  ######  ######
     ##        ##  ##    ##  ##       ##     ## ##     ##       ## ##
     ##       #### ##     ## ######## ########  ##     ##  ######  ########

You're about to initialize a Firebase project in this directory:

  D:\Soy Henry\Videogames-Api

[info] 
=== Project Setup
[info] 
[info] First, let's associate this project directory with a Firebase project.
[info] You can create multiple project aliases by running firebase use --add, 
[info] but for now we'll just set up a default project.
[info] 
[info] i  If you want to create a project in a Google Cloud organization or folder, please use "firebase projects:create" instead, and return to this command when you've created the project. 
[debug] [2023-03-16T16:51:21.527Z] ----------------------------------------------------------------------
[debug] [2023-03-16T16:51:21.529Z] Command:       C:\Program Files\nodejs\node.exe C:\Users\LEGION\AppData\Roaming\npm\node_modules\firebase-tools\lib\bin\firebase.js init
[debug] [2023-03-16T16:51:21.529Z] CLI Version:   11.24.1
[debug] [2023-03-16T16:51:21.529Z] Platform:      win32
[debug] [2023-03-16T16:51:21.529Z] Node Version:  v16.14.0
[debug] [2023-03-16T16:51:21.530Z] Time:          Thu Mar 16 2023 13:51:21 GMT-0300 (hora de verano de Chile)
[debug] [2023-03-16T16:51:21.530Z] ----------------------------------------------------------------------
[debug] 
[debug] [2023-03-16T16:51:21.537Z] > command requires scopes: ["email","openid","https://www.googleapis.com/auth/cloudplatformprojects.readonly","https://www.googleapis.com/auth/firebase","https://www.googleapis.com/auth/cloud-platform"]
[debug] [2023-03-16T16:51:21.537Z] > authorizing via signed-in user (josemariavictorg@gmail.com)
[info] 
     ######## #### ########  ######## ########     ###     ######  ########
     ##        ##  ##     ## ##       ##     ##  ##   ##  ##       ##
     ######    ##  ########  ######   ########  #########  ######  ######
     ##        ##  ##    ##  ##       ##     ## ##     ##       ## ##
     ##       #### ##     ## ######## ########  ##     ##  ######  ########

You're about to initialize a Firebase project in this directory:

  D:\Soy Henry\Videogames-Api

[info] 
=== Project Setup
[info] 
[info] First, let's associate this project directory with a Firebase project.
[info] You can create multiple project aliases by running firebase use --add, 
[info] but for now we'll just set up a default project.
[info] 
[debug] [2023-03-16T16:52:34.097Z] > refreshing access token with scopes: []
[debug] [2023-03-16T16:52:34.099Z] >>> [apiv2][query] POST https://www.googleapis.com/oauth2/v3/token [none]
[debug] [2023-03-16T16:52:34.099Z] >>> [apiv2][body] POST https://www.googleapis.com/oauth2/v3/token [omitted]
[debug] [2023-03-16T16:52:34.212Z] <<< [apiv2][status] POST https://www.googleapis.com/oauth2/v3/token 200
[debug] [2023-03-16T16:52:34.212Z] <<< [apiv2][body] POST https://www.googleapis.com/oauth2/v3/token [omitted]
[debug] [2023-03-16T16:52:34.223Z] >>> [apiv2][query] GET https://firebase.googleapis.com/v1beta1/projects pageSize=100
[debug] [2023-03-16T16:52:34.717Z] <<< [apiv2][status] GET https://firebase.googleapis.com/v1beta1/projects 200
[debug] [2023-03-16T16:52:34.717Z] <<< [apiv2][body] GET https://firebase.googleapis.com/v1beta1/projects [omitted]
[info] i  Using project videogames-app-backend (Videogames app backend) 
[info] 
=== Hosting Setup
[info] 
[info] Your public directory is the folder (relative to your project directory) that
[info] will contain Hosting assets to be uploaded with firebase deploy. If you
[info] have a build process for your assets, use your build's output directory.
[info] 
[debug] [2023-03-16T16:53:45.534Z] >>> [apiv2][query] GET https://www.gstatic.com/firebasejs/releases.json [none]
[debug] [2023-03-16T16:53:45.567Z] <<< [apiv2][status] GET https://www.gstatic.com/firebasejs/releases.json 200
[debug] [2023-03-16T16:53:45.567Z] <<< [apiv2][body] GET https://www.gstatic.com/firebasejs/releases.json {"current":{"version":"9.17.2","browserURL":"https://www.gstatic.com/firebasejs/9.17.2/firebase.js","packageURL":"https://www.gstatic.com/firebasejs/9.17.2/firebase.tgz"},"live":{"version":"9.17","browserURL":"https://www.gstatic.com/firebasejs/live/9.17/firebase.js","packageURL":"https://www.gstatic.com/firebasejs/live/9.17/firebase.tgz"},"components":{"analytics":"https://www.gstatic.com/firebasejs/9.17.2/firebase-analytics.js","app":"https://www.gstatic.com/firebasejs/9.17.2/firebase-app.js","app-check":"https://www.gstatic.com/firebasejs/9.17.2/firebase-app-check.js","auth":"https://www.gstatic.com/firebasejs/9.17.2/firebase-auth.js","auth/cordova":"https://www.gstatic.com/firebasejs/9.17.2/firebase-auth/cordova.js","auth/react-native":"https://www.gstatic.com/firebasejs/9.17.2/firebase-auth/react-native.js","functions":"https://www.gstatic.com/firebasejs/9.17.2/firebase-functions.js","firestore":"https://www.gstatic.com/firebasejs/9.17.2/firebase-firestore.js","firestore/lite":"https://www.gstatic.com/firebasejs/9.17.2/firebase-firestore/lite.js","installations":"https://www.gstatic.com/firebasejs/9.17.2/firebase-installations.js","storage":"https://www.gstatic.com/firebasejs/9.17.2/firebase-storage.js","performance":"https://www.gstatic.com/firebasejs/9.17.2/firebase-performance.js","remote-config":"https://www.gstatic.com/firebasejs/9.17.2/firebase-remote-config.js","messaging":"https://www.gstatic.com/firebasejs/9.17.2/firebase-messaging.js","messaging/sw":"https://www.gstatic.com/firebasejs/9.17.2/firebase-messaging/sw.js","database":"https://www.gstatic.com/firebasejs/9.17.2/firebase-database.js","firestore.memory":"https://www.gstatic.com/firebasejs/9.17.2/firebase-firestore.memory.js"}}
[info] +  Wrote public/index.html 
[info] 
[info] i  Didn't detect a .git folder. Assuming D:\Soy Henry\Videogames-Api is the project root. 
[info] i  Authorizing with GitHub to upload your service account to a GitHub repository's secrets store. 
[info] 
[info] Visit this URL on this device to log in:
[info] https://github.com/login/oauth/authorize?client_id=89cf50f02ac6aaed3484&state=851961442&redirect_uri=http%3A%2F%2Flocalhost%3A9005&scope=read%3Auser%20repo%20public_repo
[info] 
[info] Waiting for authentication...
[debug] [2023-03-16T16:54:05.788Z] >>> [apiv2][query] POST https://github.com/login/oauth/access_token [none]
[debug] [2023-03-16T16:54:05.788Z] >>> [apiv2][body] POST https://github.com/login/oauth/access_token [stream]
[debug] [2023-03-16T16:54:06.221Z] <<< [apiv2][status] POST https://github.com/login/oauth/access_token 200
[debug] [2023-03-16T16:54:06.221Z] <<< [apiv2][body] POST https://github.com/login/oauth/access_token {"access_token":"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","token_type":"bearer","scope":"read:user,repo"}
[debug] [2023-03-16T16:54:06.242Z] >>> [apiv2][query] GET https://api.github.com/user [none]
[debug] [2023-03-16T16:54:06.688Z] <<< [apiv2][status] GET https://api.github.com/user 200
[debug] [2023-03-16T16:54:06.688Z] <<< [apiv2][body] GET https://api.github.com/user {"login":"Jos4ma","id":88600626,"node_id":"MDQ6VXNlcjg4NjAwNjI2","avatar_url":"https://avatars.githubusercontent.com/u/88600626?v=4","gravatar_id":"","url":"https://api.github.com/users/Jos4ma","html_url":"https://github.com/Jos4ma","followers_url":"https://api.github.com/users/Jos4ma/followers","following_url":"https://api.github.com/users/Jos4ma/following{/other_user}","gists_url":"https://api.github.com/users/Jos4ma/gists{/gist_id}","starred_url":"https://api.github.com/users/Jos4ma/starred{/owner}{/repo}","subscriptions_url":"https://api.github.com/users/Jos4ma/subscriptions","organizations_url":"https://api.github.com/users/Jos4ma/orgs","repos_url":"https://api.github.com/users/Jos4ma/repos","events_url":"https://api.github.com/users/Jos4ma/events{/privacy}","received_events_url":"https://api.github.com/users/Jos4ma/received_events","type":"User","site_admin":false,"name":"José-María González Astorga","company":null,"blog":"https://www.linkedin.com/in/josemariadev/","location":"Santiago from Chile","email":"josemariavictorg@gmail.com","hireable":null,"bio":"Searching technology and this is the way x)","twitter_username":null,"public_repos":14,"public_gists":0,"followers":4,"following":5,"created_at":"2021-08-07T23:46:51Z","updated_at":"2023-03-10T23:40:31Z","private_gists":0,"total_private_repos":3,"owned_private_repos":0,"disk_usage":14982,"collaborators":0,"two_factor_authentication":false,"plan":{"name":"free","space":976562499,"collaborators":0,"private_repos":10000}}
[info] 
[info] +  Success! Logged into GitHub as Jos4ma 
[info] 
[debug] [2023-03-16T16:57:07.053Z] >>> [apiv2][query] GET https://api.github.com/repos/Videogames-Api/actions/secrets/public-key type=owner
[debug] [2023-03-16T16:57:07.385Z] <<< [apiv2][status] GET https://api.github.com/repos/Videogames-Api/actions/secrets/public-key 404
[debug] [2023-03-16T16:57:07.385Z] <<< [apiv2][body] GET https://api.github.com/repos/Videogames-Api/actions/secrets/public-key {"message":"Not Found","documentation_url":"https://docs.github.com/rest"}
[debug] [2023-03-16T16:57:16.797Z] >>> [apiv2][query] GET https://api.github.com/repos/Videogames-Api/actions/secrets/public-key type=owner
[debug] [2023-03-16T16:57:17.118Z] <<< [apiv2][status] GET https://api.github.com/repos/Videogames-Api/actions/secrets/public-key 404
[debug] [2023-03-16T16:57:17.119Z] <<< [apiv2][body] GET https://api.github.com/repos/Videogames-Api/actions/secrets/public-key {"message":"Not Found","documentation_url":"https://docs.github.com/rest"}
[debug] [2023-03-16T16:57:26.817Z] >>> [apiv2][query] GET https://api.github.com/repos/Videogames-Api/actions/secrets/public-key type=owner
[debug] [2023-03-16T16:57:27.156Z] <<< [apiv2][status] GET https://api.github.com/repos/Videogames-Api/actions/secrets/public-key 404
[debug] [2023-03-16T16:57:27.156Z] <<< [apiv2][body] GET https://api.github.com/repos/Videogames-Api/actions/secrets/public-key {"message":"Not Found","documentation_url":"https://docs.github.com/rest"}
[debug] [2023-03-16T17:00:37.954Z] >>> [apiv2][query] GET https://api.github.com/repos/repository/actions/secrets/public-key type=owner
[debug] [2023-03-16T17:00:38.318Z] <<< [apiv2][status] GET https://api.github.com/repos/repository/actions/secrets/public-key 404
[debug] [2023-03-16T17:00:38.318Z] <<< [apiv2][body] GET https://api.github.com/repos/repository/actions/secrets/public-key {"message":"Not Found","documentation_url":"https://docs.github.com/rest"}
[debug] [2023-03-16T17:00:50.737Z] >>> [apiv2][query] GET https://api.github.com/repos/user/actions/secrets/public-key type=owner
[debug] [2023-03-16T17:00:51.075Z] <<< [apiv2][status] GET https://api.github.com/repos/user/actions/secrets/public-key 404
[debug] [2023-03-16T17:00:51.075Z] <<< [apiv2][body] GET https://api.github.com/repos/user/actions/secrets/public-key {"message":"Not Found","documentation_url":"https://docs.github.com/rest"}
